<?xml version="1.0" encoding="UTF-8"?>
<!-- Generated by org.testng.reporters.JUnitReportReporter -->
<testsuite hostname="QT-INBG-LT0305" failures="0" tests="1" name="Order.SignUp" time="8.556" errors="0" timestamp="2022-09-20T12:22:54 IST" skipped="0">
  <testcase classname="Order.SignUp" name="sigin" time="8.556"/>
  <system-out/>
</testsuite> <!-- Order.SignUp -->
