<?xml version="1.0" encoding="UTF-8"?>
<!-- Generated by org.testng.reporters.JUnitReportReporter -->
<testsuite hostname="QT-INBG-LT0305" failures="0" tests="1" name="Order.SignIn" time="10.471" errors="0" timestamp="2022-09-20T12:22:54 IST" skipped="0">
  <testcase classname="Order.SignIn" name="signin" time="10.471"/>
  <system-out/>
</testsuite> <!-- Order.SignIn -->
