<?xml version="1.0" encoding="UTF-8"?>
<!-- Generated by org.testng.reporters.JUnitReportReporter -->
<testsuite hostname="QT-INBG-LT0305" failures="0" tests="1" name="Order.Order" time="17.542" errors="0" timestamp="2022-09-20T12:22:54 IST" skipped="0">
  <testcase classname="Order.Order" name="order" time="17.542"/>
  <system-out/>
</testsuite> <!-- Order.Order -->
